<?xml version="1.0" encoding="UTF-8"?>
<!-- Generated by org.testng.reporters.JUnitReportReporter -->
<testsuite skipped="0" hostname="LAPTOP-DUISMC2A" name="com.example.restassuredproject.testClasses.TestCaseForNIDFrontUpload" tests="1" failures="0" timestamp="08 Feb 2022 13:55:25 GMT" time="8.025" errors="0">
  <testcase name="testNIDFrontUplodad" time="8.025" classname="com.example.restassuredproject.testClasses.TestCaseForNIDFrontUpload"/>
</testsuite> <!-- com.example.restassuredproject.testClasses.TestCaseForNIDFrontUpload -->
