<?xml version="1.0" encoding="UTF-8"?>
<!-- Generated by org.testng.reporters.JUnitReportReporter -->
<testsuite skipped="0" hostname="LAPTOP-DUISMC2A" name="com.example.restassuredproject.testClasses.TestCaseForOTPValidation" tests="1" failures="0" timestamp="08 Feb 2022 13:55:25 GMT" time="0.108" errors="0">
  <testcase name="testOTPValidation" time="0.108" classname="com.example.restassuredproject.testClasses.TestCaseForOTPValidation"/>
</testsuite> <!-- com.example.restassuredproject.testClasses.TestCaseForOTPValidation -->
