<?xml version="1.0" encoding="UTF-8"?>
<!-- Generated by org.testng.reporters.JUnitReportReporter -->
<testsuite skipped="0" hostname="shariba" name="com.example.restassuredproject.testClasses.TestClassForSignUp" tests="1" failures="0" timestamp="20 Apr 2024 07:28:53 GMT" time="1.462" errors="0">
  <testcase name="testSignUpPage" time="1.462" classname="com.example.restassuredproject.testClasses.TestClassForSignUp"/>
</testsuite> <!-- com.example.restassuredproject.testClasses.TestClassForSignUp -->
