<?xml version="1.0" encoding="UTF-8"?>
<!-- Generated by org.testng.reporters.JUnitXMLReporter -->
<testsuite hostname="LAPTOP-DUISMC2A" ignored="0" name="TallyPay API Gateway Automation Suite" tests="6" failures="0" timestamp="08 Feb 2022 13:55:25 GMT" time="11.349" errors="0">
  <testcase name="testSignUpPage" time="2.321" classname="com.example.restassuredproject.testClasses.TestClassForSignUp"/>
  <testcase name="getOTPForSignUpTest" time="0.127" classname="com.example.restassuredproject.testClasses.TestCaseForGetOTPForSignUp"/>
  <testcase name="testOTPValidation" time="0.108" classname="com.example.restassuredproject.testClasses.TestCaseForOTPValidation"/>
  <testcase name="testCreateWallet" time="0.685" classname="com.example.restassuredproject.testClasses.TestClassForCreateWallet"/>
  <testcase name="testNIDClear" time="0.063" classname="com.example.restassuredproject.testClasses.TestCaseForNIDClear"/>
  <testcase name="testNIDFrontUplodad" time="8.025" classname="com.example.restassuredproject.testClasses.TestCaseForNIDFrontUpload"/>
</testsuite> <!-- TallyPay API Gateway Automation Suite -->
